#
# There is insufficient memory for the Java Runtime Environment to continue.
# Native memory allocation (mmap) failed to map 257949696 bytes for G1 virtual space
# Possible reasons:
#   The system is out of physical RAM or swap space
#   The process is running with CompressedOops enabled, and the Java Heap may be blocking the growth of the native heap
# Possible solutions:
#   Reduce memory load on the system
#   Increase physical memory or swap space
#   Check if swap backing store is full
#   Decrease Java heap size (-Xmx/-Xms)
#   Decrease number of Java threads
#   Decrease Java thread stack sizes (-Xss)
#   Set larger code cache with -XX:ReservedCodeCacheSize=
#   JVM is running with Zero Based Compressed Oops mode in which the Java heap is
#     placed in the first 32GB address space. The Java Heap base address is the
#     maximum limit for the native heap growth. Please use -XX:HeapBaseMinAddress
#     to set the Java Heap base and to place the Java Heap above 32GB virtual address.
# This output file may be truncated or incomplete.
#
#  Out of Memory Error (os_windows.cpp:3600), pid=10928, tid=17436
#
# JRE version:  (21.0.2+13) (build )
# Java VM: Java HotSpot(TM) 64-Bit Server VM (21.0.2+13-LTS-58, mixed mode, sharing, tiered, compressed oops, compressed class ptrs, g1 gc, windows-amd64)
# No core dump will be written. Minidumps are not enabled by default on client versions of Windows
#

---------------  S U M M A R Y ------------

Command Line: -javaagent:C:\Program Files\JetBrains\IntelliJ IDEA Community Edition 2023.3.3\lib\idea_rt.jar=51316:C:\Program Files\JetBrains\IntelliJ IDEA Community Edition 2023.3.3\bin -Dfile.encoding=UTF-8 -Dsun.stdout.encoding=UTF-8 -Dsun.stderr.encoding=UTF-8 less1.Task1

Host: AMD Ryzen 7 5700U with Radeon Graphics         , 16 cores, 15G,  Windows 11 , 64 bit Build 22621 (10.0.22621.3958)
Time: Sun Sep  8 20:23:45 2024  Windows 11 , 64 bit Build 22621 (10.0.22621.3958) elapsed time: 0.027478 seconds (0d 0h 0m 0s)

---------------  T H R E A D  ---------------

Current thread (0x000001e6646c9700):  JavaThread "Unknown thread" [_thread_in_vm, id=17436, stack(0x00000019f4d00000,0x00000019f4e00000) (1024K)]

Stack: [0x00000019f4d00000,0x00000019f4e00000]
Native frames: (J=compiled Java code, j=interpreted, Vv=VM code, C=native code)
V  [jvm.dll+0x6cade9]
V  [jvm.dll+0x8569c1]
V  [jvm.dll+0x858d2e]
V  [jvm.dll+0x859413]
V  [jvm.dll+0x280e56]
V  [jvm.dll+0x6c74d5]
V  [jvm.dll+0x6bbeca]
V  [jvm.dll+0x355bca]
V  [jvm.dll+0x35d816]
V  [jvm.dll+0x3ae67e]
V  [jvm.dll+0x3ae928]
V  [jvm.dll+0x3295dc]
V  [jvm.dll+0x32a16b]
V  [jvm.dll+0x81efa9]
V  [jvm.dll+0x3bba01]
V  [jvm.dll+0x807928]
V  [jvm.dll+0x44f50e]
V  [jvm.dll+0x450e11]
C  [jli.dll+0x52a3]
C  [ucrtbase.dll+0x29333]
C  [KERNEL32.DLL+0x1257d]
C  [ntdll.dll+0x5af28]


---------------  P R O C E S S  ---------------

Threads class SMR info:
_java_thread_list=0x00007ff8630bbb88, length=0, elements={
}

Java Threads: ( => current thread )
Total: 0

Other Threads:
  0x000001e66616d830 WorkerThread "GC Thread#0"                     [id=3792, stack(0x00000019f4e00000,0x00000019f4f00000) (1024K)]
  0x000001e66617f120 ConcurrentGCThread "G1 Main Marker"            [id=9428, stack(0x00000019f4f00000,0x00000019f5000000) (1024K)]
  0x000001e666180830 WorkerThread "G1 Conc#0"                       [id=19276, stack(0x00000019f5000000,0x00000019f5100000) (1024K)]

[error occurred during error reporting (printing all threads), id 0xc0000005, EXCEPTION_ACCESS_VIOLATION (0xc0000005) at pc=0x00007ff86282c6a7]
VM state: not at safepoint (not fully initialized)

VM Mutex/Monitor currently owned by a thread:  ([mutex/lock_event])
[0x00007ff86312ce68] Heap_lock - owner thread: 0x000001e6646c9700

Heap address: 0x000000070ac00000, size: 3924 MB, Compressed Oops mode: Zero based, Oop shift amount: 3

CDS archive(s) mapped at: [0x0000000000000000-0x0000000000000000-0x0000000000000000), size 0, SharedBaseAddress: 0x0000000800000000, ArchiveRelocationMode: 1.
Narrow klass base: 0x0000000000000000, Narrow klass shift: 0, Narrow klass range: 0x0

GC Precious Log:
 CardTable entry size: 512
 Card Set container configuration: InlinePtr #cards 4 size 8 Array Of Cards #cards 16 size 48 Howl #buckets 8 coarsen threshold 3686 Howl Bitmap #cards 512 size 80 coarsen threshold 460 Card regions per heap region 1 cards per card region 4096

Heap:
 garbage-first heap   total 0K, used 0K [0x000000070ac00000, 0x0000000800000000)
  region size 2048K, 0 young (0K), 0 survivors (0K)

[error occurred during error reporting (printing heap information), id 0xc0000005, EXCEPTION_ACCESS_VIOLATION (0xc0000005) at pc=0x00007ff862c139f9]
GC Heap History (0 events):
No events

Dll operation events (1 events):
Event: 0.020 Loaded shared library C:\Program Files\Java\jdk-21\bin\java.dll

Deoptimization events (0 events):
No events

Classes loaded (0 events):
No events

Classes unloaded (0 events):
No events

Classes redefined (0 events):
No events

Internal exceptions (0 events):
No events

ZGC Phase Switch (0 events):
No events

VM Operations (0 events):
No events

Events (0 events):
No events


Dynamic libraries:
0x00007ff7512b0000 - 0x00007ff7512c0000 	C:\Program Files\Java\jdk-21\bin\java.exe
0x00007ff8c1f10000 - 0x00007ff8c2127000 	C:\WINDOWS\SYSTEM32\ntdll.dll
0x00007ff8c0a30000 - 0x00007ff8c0af4000 	C:\WINDOWS\System32\KERNEL32.DLL
0x00007ff8bf770000 - 0x00007ff8bfb1d000 	C:\WINDOWS\System32\KERNELBASE.dll
0x00007ff8bfb20000 - 0x00007ff8bfc31000 	C:\WINDOWS\System32\ucrtbase.dll
0x00007ff8af520000 - 0x00007ff8af539000 	C:\Program Files\Java\jdk-21\bin\jli.dll
0x00007ff8af540000 - 0x00007ff8af55b000 	C:\Program Files\Java\jdk-21\bin\VCRUNTIME140.dll
0x00007ff8bffd0000 - 0x00007ff8c0082000 	C:\WINDOWS\System32\ADVAPI32.dll
0x00007ff8c0980000 - 0x00007ff8c0a27000 	C:\WINDOWS\System32\msvcrt.dll
0x00007ff8c1ae0000 - 0x00007ff8c1b89000 	C:\WINDOWS\System32\sechost.dll
0x00007ff8bf740000 - 0x00007ff8bf768000 	C:\WINDOWS\System32\bcrypt.dll
0x00007ff8c1c10000 - 0x00007ff8c1d24000 	C:\WINDOWS\System32\RPCRT4.dll
0x00007ff8c1770000 - 0x00007ff8c191e000 	C:\WINDOWS\System32\USER32.dll
0x00007ff8bf710000 - 0x00007ff8bf736000 	C:\WINDOWS\System32\win32u.dll
0x00007ff8c14e0000 - 0x00007ff8c1509000 	C:\WINDOWS\System32\GDI32.dll
0x00007ff8bf460000 - 0x00007ff8bf579000 	C:\WINDOWS\System32\gdi32full.dll
0x00007ff8a99e0000 - 0x00007ff8a9c73000 	C:\WINDOWS\WinSxS\amd64_microsoft.windows.common-controls_6595b64144ccf1df_6.0.22621.3672_none_2713b9d173822955\COMCTL32.dll
0x00007ff8bf670000 - 0x00007ff8bf70a000 	C:\WINDOWS\System32\msvcp_win.dll
0x00007ff8bebb0000 - 0x00007ff8bebba000 	C:\WINDOWS\SYSTEM32\VERSION.dll
0x00007ff8c1e90000 - 0x00007ff8c1ec1000 	C:\WINDOWS\System32\IMM32.DLL
0x0000000051600000 - 0x000000005160c000 	C:\Program Files (x86)\360\Total Security\safemon\SafeWrapper.dll
0x00007ff88b710000 - 0x00007ff88b7bc000 	C:\Program Files (x86)\360\Total Security\safemon\libzdtp64.dll
0x00007ff8c0090000 - 0x00007ff8c08f8000 	C:\WINDOWS\System32\SHELL32.dll
0x00007ff8c1610000 - 0x00007ff8c166e000 	C:\WINDOWS\System32\SHLWAPI.dll
0x00007ff8acdd0000 - 0x00007ff8acddc000 	C:\Program Files\Java\jdk-21\bin\vcruntime140_1.dll
0x00007ff8ac4c0000 - 0x00007ff8ac54e000 	C:\Program Files\Java\jdk-21\bin\msvcp140.dll
0x00007ff8624f0000 - 0x00007ff863207000 	C:\Program Files\Java\jdk-21\bin\server\jvm.dll
0x00007ff8c0900000 - 0x00007ff8c0971000 	C:\WINDOWS\System32\WS2_32.dll
0x00007ff8bf0f0000 - 0x00007ff8bf13d000 	C:\WINDOWS\SYSTEM32\POWRPROF.dll
0x00007ff8baaf0000 - 0x00007ff8bab24000 	C:\WINDOWS\SYSTEM32\WINMM.dll
0x00007ff8bf0d0000 - 0x00007ff8bf0e3000 	C:\WINDOWS\SYSTEM32\UMPDC.dll
0x00007ff8be1f0000 - 0x00007ff8be208000 	C:\WINDOWS\SYSTEM32\kernel.appcore.dll
0x00007ff8acd70000 - 0x00007ff8acd7a000 	C:\Program Files\Java\jdk-21\bin\jimage.dll
0x00007ff8b75d0000 - 0x00007ff8b7802000 	C:\WINDOWS\SYSTEM32\DBGHELP.DLL
0x00007ff8bfc40000 - 0x00007ff8bffcd000 	C:\WINDOWS\System32\combase.dll
0x00007ff8c1200000 - 0x00007ff8c12d7000 	C:\WINDOWS\System32\OLEAUT32.dll
0x00007ff8a76b0000 - 0x00007ff8a76e2000 	C:\WINDOWS\SYSTEM32\dbgcore.DLL
0x00007ff8bf5f0000 - 0x00007ff8bf66b000 	C:\WINDOWS\System32\bcryptPrimitives.dll
0x00007ff8ae3a0000 - 0x00007ff8ae3af000 	C:\Program Files\Java\jdk-21\bin\instrument.dll
0x00007ff8acd50000 - 0x00007ff8acd6f000 	C:\Program Files\Java\jdk-21\bin\java.dll

dbghelp: loaded successfully - version: 4.0.5 - missing functions: none
symbol engine: initialized successfully - sym options: 0x614 - pdb path: .;C:\Program Files\Java\jdk-21\bin;C:\WINDOWS\SYSTEM32;C:\WINDOWS\WinSxS\amd64_microsoft.windows.common-controls_6595b64144ccf1df_6.0.22621.3672_none_2713b9d173822955;C:\Program Files (x86)\360\Total Security\safemon;C:\Program Files\Java\jdk-21\bin\server

VM Arguments:
jvm_args: -javaagent:C:\Program Files\JetBrains\IntelliJ IDEA Community Edition 2023.3.3\lib\idea_rt.jar=51316:C:\Program Files\JetBrains\IntelliJ IDEA Community Edition 2023.3.3\bin -Dfile.encoding=UTF-8 -Dsun.stdout.encoding=UTF-8 -Dsun.stderr.encoding=UTF-8 
java_command: less1.Task1
java_class_path (initial): C:\Users\Sogdiana\IdeaProjects\Seminar1JAVA\out\production\Seminar1JAVA
Launcher Type: SUN_STANDARD

[Global flags]
     intx CICompilerCount                          = 12                                        {product} {ergonomic}
     uint ConcGCThreads                            = 3                                         {product} {ergonomic}
     uint G1ConcRefinementThreads                  = 13                                        {product} {ergonomic}
   size_t G1HeapRegionSize                         = 2097152                                   {product} {ergonomic}
    uintx GCDrainStackTargetSize                   = 64                                        {product} {ergonomic}
   size_t InitialHeapSize                          = 257949696                                 {product} {ergonomic}
   size_t MarkStackSize                            = 4194304                                   {product} {ergonomic}
   size_t MaxHeapSize                              = 4114612224                                {product} {ergonomic}
   size_t MinHeapDeltaBytes                        = 2097152                                   {product} {ergonomic}
   size_t MinHeapSize                              = 8388608                                   {product} {ergonomic}
    uintx NonNMethodCodeHeapSize                   = 7602480                                {pd product} {ergonomic}
    uintx NonProfiledCodeHeapSize                  = 122027880                              {pd product} {ergonomic}
    uintx ProfiledCodeHeapSize                     = 122027880                              {pd product} {ergonomic}
    uintx ReservedCodeCacheSize                    = 251658240                              {pd product} {ergonomic}
     bool SegmentedCodeCache                       = true                                      {product} {ergonomic}
   size_t SoftMaxHeapSize                          = 4114612224                             {manageable} {ergonomic}
     bool UseCompressedOops                        = true                           {product lp64_product} {ergonomic}
     bool UseG1GC                                  = true                                      {product} {ergonomic}
     bool UseLargePagesIndividualAllocation        = false                                  {pd product} {ergonomic}

Logging:
Log output configuration:
 #0: stdout all=warning uptime,level,tags foldmultilines=false
 #1: stderr all=off uptime,level,tags foldmultilines=false

Environment Variables:
PATH=C:\Program Files\Common Files\Oracle\Java\javapath;C:\WINDOWS\system32;C:\WINDOWS;C:\WINDOWS\System32\Wbem;C:\WINDOWS\System32\WindowsPowerShell\v1.0\;C:\WINDOWS\System32\OpenSSH\;C:\Program Files\Git\cmd;C:\Program Files\dotnet\;C:\Program Files\Java\jdk-21\bin;C:\Users\Sogdiana\AppData\Local\Microsoft\WindowsApps;;C:\Program Files\JetBrains\IntelliJ IDEA Community Edition 2023.3.3\bin;;C:\Users\Sogdiana\AppData\Local\Programs\Microsoft VS Code\bin;C:\Users\Sogdiana\.dotnet\tools
USERNAME=Sogdiana
OS=Windows_NT
PROCESSOR_IDENTIFIER=AMD64 Family 23 Model 104 Stepping 1, AuthenticAMD
TMP=C:\Users\Sogdiana\AppData\Local\Temp
TEMP=C:\Users\Sogdiana\AppData\Local\Temp




Periodic native trim disabled

---------------  S Y S T E M  ---------------

OS:
 Windows 11 , 64 bit Build 22621 (10.0.22621.3958)
OS uptime: 4 days 9:24 hours

CPU: total 16 (initial active 16) (16 cores per cpu, 2 threads per core) family 23 model 104 stepping 1 microcode 0x0, cx8, cmov, fxsr, ht, mmx, 3dnowpref, sse, sse2, sse3, ssse3, sse4a, sse4.1, sse4.2, popcnt, lzcnt, tsc, tscinvbit, avx, avx2, aes, clmul, bmi1, bmi2, adx, sha, fma, vzeroupper, clflush, clflushopt, rdtscp, rdpid, f16c
Processor Information for all 16 processors :
  Max Mhz: 1801, Current Mhz: 1801, Mhz Limit: 1801

Memory: 4k page, system-wide physical 15693M (7966M free)
TotalPageFile size 16717M (AvailPageFile size 156M)
current process WorkingSet (physical memory assigned to process): 12M, peak: 12M
current process commit charge ("private bytes"): 71M, peak: 317M

vm_info: Java HotSpot(TM) 64-Bit Server VM (21.0.2+13-LTS-58) for windows-amd64 JRE (21.0.2+13-LTS-58), built on 2024-01-05T18:32:24Z by "mach5one" with MS VC++ 17.1 (VS2022)

END.
